[I 2026-04-12 23:36:57,728] A new study created in memory with name: no-name-174ee42c-ab51-47c3-b184-e9eaa0f8e4fd
[I 2026-04-12 23:37:44,616] Trial 0 finished with value: 0.06532804772276131 and parameters: {'n_estimators': 364, 'max_depth': 10, 'learning_rate': 0.05322566250515964, 'subsample': 0.6797102398608775, 'colsample_bytree': 0.7316994864681508, 'gamma': 2.8147964584003575, 'min_child_weight': 5, 'threshold': 0.23405113061660282}. Best is trial 0 with value: 0.06532804772276131.
[I 2026-04-12 23:37:46,836] Trial 1 finished with value: 0.056207703813911936 and parameters: {'n_estimators': 218, 'max_depth': 10, 'learning_rate': 0.05428931669524921, 'subsample': 0.6362447655154867, 'colsample_bytree': 0.977155269825694, 'gamma': 1.6750704985399234, 'min_child_weight': 5, 'threshold': 0.24430211554533357}. Best is trial 0 with value: 0.06532804772276131.
[I 2026-04-12 23:38:26,271] Trial 3 finished with value: 0.09820084291746545 and parameters: {'n_estimators': 782, 'max_depth': 9, 'learning_rate': 0.16618746158499104, 'subsample': 0.9922505473700216, 'colsample_bytree': 0.8811643223201353, 'gamma': 3.3856827178566244, 'min_child_weight': 4, 'threshold': 0.1165572832575774}. Best is trial 3 with value: 0.09820084291746545.
[I 2026-04-12 23:39:05,008] Trial 4 finished with value: 0.1071761936547732 and parameters: {'n_estimators': 411, 'max_depth': 10, 'learning_rate': 0.15224513530328712, 'subsample': 0.6412490435362703, 'colsample_bytree': 0.9163664059131579, 'gamma': 2.6577737524669103, 'min_child_weight': 3, 'threshold': 0.09970387058720802}. Best is trial 4 with value: 0.1071761936547732.
[I 2026-04-12 23:39:19,133] Trial 2 finished with value: 0.0692176481953841 and parameters: {'n_estimators': 913, 'max_depth': 10, 'learning_rate': 0.02559906246130013, 'subsample': 0.949151543956277, 'colsample_bytree': 0.6225419648054126, 'gamma': 0.5960614703240535, 'min_child_weight': 1, 'threshold': 0.15482400749222727}. Best is trial 4 with value: 0.1071761936547732.
[I 2026-04-12 23:39:45,207] Trial 5 finished with value: 0.058165255702786356 and parameters: {'n_estimators': 852, 'max_depth': 3, 'learning_rate': 0.15201570625793476, 'subsample': 0.9942031048472173, 'colsample_bytree': 0.8303721042460018, 'gamma': 4.264749101403519, 'min_child_weight': 8, 'threshold': 0.2761666603885772}. Best is trial 4 with value: 0.1071761936547732.
[I 2026-04-12 23:39:52,136] Trial 7 pruned.                                                                                                                                                            
[I 2026-04-12 23:39:55,565] Trial 6 finished with value: 0.04661573770109006 and parameters: {'n_estimators': 603, 'max_depth': 3, 'learning_rate': 0.1652593545044673, 'subsample': 0.9134257236932749, 'colsample_bytree': 0.68463071056927, 'gamma': 4.5887050344367974, 'min_child_weight': 7, 'threshold': 0.30776763758296605}. Best is trial 4 with value: 0.1071761936547732.
[I 2026-04-12 23:40:25,066] Trial 8 finished with value: 0.08371563200209749 and parameters: {'n_estimators': 240, 'max_depth': 3, 'learning_rate': 0.08007194532600372, 'subsample': 0.8191006019025077, 'colsample_bytree': 0.7257542624905927, 'gamma': 0.6742180825062682, 'min_child_weight': 8, 'threshold': 0.15958092119491177}. Best is trial 4 with value: 0.1071761936547732.
[I 2026-04-12 23:40:35,495] Trial 10 pruned.                                                                                                                                                           
[I 2026-04-12 23:40:39,370] Trial 9 finished with value: 0.060933700757455266 and parameters: {'n_estimators': 502, 'max_depth': 10, 'learning_rate': 0.08211280393919196, 'subsample': 0.9550079733790585, 'colsample_bytree': 0.8090605494764993, 'gamma': 1.6273809633586582, 'min_child_weight': 6, 'threshold': 0.21529643482242738}. Best is trial 4 with value: 0.1071761936547732.
[I 2026-04-12 23:41:19,155] Trial 11 finished with value: 0.1452308717921335 and parameters: {'n_estimators': 603, 'max_depth': 6, 'learning_rate': 0.19788372674850765, 'subsample': 0.7455112197003342, 'colsample_bytree': 0.9028224321701186, 'gamma': 2.078233503880471, 'min_child_weight': 2, 'threshold': 0.0121861805876613}. Best is trial 11 with value: 0.1452308717921335.
[I 2026-04-12 23:41:20,384] Trial 12 finished with value: 0.13746257050770283 and parameters: {'n_estimators': 721, 'max_depth': 8, 'learning_rate': 0.197276125507135, 'subsample': 0.7446485676347255, 'colsample_bytree': 0.9143715535631947, 'gamma': 3.1246236027722243, 'min_child_weight': 2, 'threshold': 0.049215114724088765}. Best is trial 11 with value: 0.1452308717921335.
[I 2026-04-12 23:42:04,301] Trial 13 finished with value: 0.14629481798752808 and parameters: {'n_estimators': 667, 'max_depth': 6, 'learning_rate': 0.1934260512632413, 'subsample': 0.7333601809683166, 'colsample_bytree': 0.9211980764455903, 'gamma': 2.3589845663598457, 'min_child_weight': 2, 'threshold': 0.019428571276005245}. Best is trial 13 with value: 0.14629481798752808.
[I 2026-04-12 23:42:06,345] Trial 14 finished with value: 0.14263684685396788 and parameters: {'n_estimators': 682, 'max_depth': 6, 'learning_rate': 0.19111579190418793, 'subsample': 0.7338472913536207, 'colsample_bytree': 0.8833774442663151, 'gamma': 2.1474841919888448, 'min_child_weight': 1, 'threshold': 0.01072721361975084}. Best is trial 13 with value: 0.14629481798752808.
[I 2026-04-12 23:42:46,145] Trial 15 finished with value: 0.14508390937273172 and parameters: {'n_estimators': 628, 'max_depth': 5, 'learning_rate': 0.19558941661692633, 'subsample': 0.786551298951076, 'colsample_bytree': 0.9976050469407113, 'gamma': 2.2134348638959906, 'min_child_weight': 1, 'threshold': 0.012692157409835647}. Best is trial 13 with value: 0.14629481798752808.
[I 2026-04-12 23:42:47,214] Trial 16 finished with value: 0.138811257040999 and parameters: {'n_estimators': 565, 'max_depth': 5, 'learning_rate': 0.1201482441573933, 'subsample': 0.8256401071821764, 'colsample_bytree': 0.986673833245122, 'gamma': 2.2073430180893703, 'min_child_weight': 3, 'threshold': 0.010169915017629937}. Best is trial 13 with value: 0.14629481798752808.
[I 2026-04-12 23:42:55,908] Trial 17 pruned.                                                                                                                                                           
[I 2026-04-12 23:43:01,139] Trial 18 pruned.                                                                                                                                                           
[I 2026-04-12 23:43:08,783] Trial 20 pruned.                                                                                                                                                           
[I 2026-04-12 23:43:16,693] Trial 19 pruned.                                                                                                                                                           
[I 2026-04-12 23:43:54,093] Trial 21 finished with value: 0.14978056448748325 and parameters: {'n_estimators': 673, 'max_depth': 7, 'learning_rate': 0.17706699809474513, 'subsample': 0.6946323258210706, 'colsample_bytree': 0.9427309238793105, 'gamma': 2.7065763247842, 'min_child_weight': 10, 'threshold': 0.04726079873997204}. Best is trial 21 with value: 0.14978056448748325.
[I 2026-04-12 23:43:59,218] Trial 22 finished with value: 0.15305855517087016 and parameters: {'n_estimators': 650, 'max_depth': 5, 'learning_rate': 0.19798442933506738, 'subsample': 0.7800452054074373, 'colsample_bytree': 0.9634122793229376, 'gamma': 2.2690495787792764, 'min_child_weight': 1, 'threshold': 0.03327440278888552}. Best is trial 22 with value: 0.15305855517087016.
[I 2026-04-12 23:44:37,638] Trial 24 finished with value: 0.15704527663992718 and parameters: {'n_estimators': 649, 'max_depth': 4, 'learning_rate': 0.1358633641472493, 'subsample': 0.8655911594168125, 'colsample_bytree': 0.9542920641221069, 'gamma': 3.034858467805481, 'min_child_weight': 10, 'threshold': 0.04614321314805451}. Best is trial 24 with value: 0.15704527663992718.
[I 2026-04-12 23:44:38,799] Trial 23 finished with value: 0.1509441402767004 and parameters: {'n_estimators': 662, 'max_depth': 6, 'learning_rate': 0.13895345448475352, 'subsample': 0.684168380820403, 'colsample_bytree': 0.9528983947274459, 'gamma': 2.849857360024214, 'min_child_weight': 6, 'threshold': 0.04253958140360513}. Best is trial 24 with value: 0.15704527663992718.
[I 2026-04-12 23:44:55,856] Trial 26 pruned.                                                                                                                                                           
[I 2026-04-12 23:45:21,567] Trial 25 finished with value: 0.1541387490521303 and parameters: {'n_estimators': 834, 'max_depth': 4, 'learning_rate': 0.1359148172982355, 'subsample': 0.8563033048782853, 'colsample_bytree': 0.9534587390632423, 'gamma': 3.1356714312527294, 'min_child_weight': 10, 'threshold': 0.04803707752583436}. Best is trial 24 with value: 0.15704527663992718.
[I 2026-04-12 23:45:30,021] Trial 27 finished with value: 0.164784224211458 and parameters: {'n_estimators': 456, 'max_depth': 4, 'learning_rate': 0.09594998075651258, 'subsample': 0.8704442191159474, 'colsample_bytree': 0.9418008490622188, 'gamma': 4.99574557665661, 'min_child_weight': 6, 'threshold': 0.05561903117659471}. Best is trial 27 with value: 0.164784224211458.
[I 2026-04-12 23:45:30,164] Trial 28 pruned.                                                                                                                                                           
[I 2026-04-12 23:45:37,201] Trial 29 pruned.                                                                                                                                                           
[I 2026-04-12 23:45:50,997] Trial 31 pruned.                                                                                                                                                           
[I 2026-04-12 23:46:06,438] Trial 30 finished with value: 0.15430679919316187 and parameters: {'n_estimators': 433, 'max_depth': 4, 'learning_rate': 0.103621266924615, 'subsample': 0.90108304427163, 'colsample_bytree': 0.8532171664312144, 'gamma': 4.786627692926286, 'min_child_weight': 9, 'threshold': 0.08573966716311394}. Best is trial 27 with value: 0.164784224211458.
[I 2026-04-12 23:46:27,694] Trial 32 finished with value: 0.1659008050259127 and parameters: {'n_estimators': 450, 'max_depth': 5, 'learning_rate': 0.13271581982425185, 'subsample': 0.8554096103160428, 'colsample_bytree': 0.9679544296214362, 'gamma': 4.95685165789639, 'min_child_weight': 7, 'threshold': 0.03965985087866129}. Best is trial 32 with value: 0.1659008050259127.
[I 2026-04-12 23:46:43,716] Trial 33 finished with value: 0.15922986397684635 and parameters: {'n_estimators': 458, 'max_depth': 4, 'learning_rate': 0.10880471233639798, 'subsample': 0.9093961211373759, 'colsample_bytree': 0.8945361571820774, 'gamma': 4.987659694449202, 'min_child_weight': 9, 'threshold': 0.061864491709772575}. Best is trial 32 with value: 0.1659008050259127.
[I 2026-04-12 23:47:05,407] Trial 34 finished with value: 0.15412612270111534 and parameters: {'n_estimators': 445, 'max_depth': 5, 'learning_rate': 0.10842008358580221, 'subsample': 0.9137582473790394, 'colsample_bytree': 0.8870565226567707, 'gamma': 4.825126410398486, 'min_child_weight': 7, 'threshold': 0.0707703561283621}. Best is trial 32 with value: 0.1659008050259127.
[I 2026-04-12 23:47:13,881] Trial 36 pruned.                                                                                                                                                           
[I 2026-04-12 23:47:26,730] Trial 35 finished with value: 0.15982065046608845 and parameters: {'n_estimators': 469, 'max_depth': 5, 'learning_rate': 0.04075623601832303, 'subsample': 0.9183969491601974, 'colsample_bytree': 0.9041531862798062, 'gamma': 4.437764328234744, 'min_child_weight': 7, 'threshold': 0.062392806132187936}. Best is trial 32 with value: 0.1659008050259127.
[I 2026-04-12 23:47:34,562] Trial 38 pruned.                                                                                                                                                           
[I 2026-04-12 23:47:42,651] Trial 39 pruned.                                                                                                                                                           
[I 2026-04-12 23:47:49,225] Trial 40 pruned.                                                                                                                                                           
[I 2026-04-12 23:47:53,771] Trial 37 finished with value: 0.16376160032308046 and parameters: {'n_estimators': 547, 'max_depth': 3, 'learning_rate': 0.054476366034950874, 'subsample': 0.8749113509794553, 'colsample_bytree': 0.6066013189900897, 'gamma': 4.015386275878918, 'min_child_weight': 7, 'threshold': 0.06010589858969675}. Best is trial 32 with value: 0.1659008050259127.
[I 2026-04-12 23:48:29,623] Trial 41 finished with value: 0.147449136064083 and parameters: {'n_estimators': 319, 'max_depth': 4, 'learning_rate': 0.01116189807804853, 'subsample': 0.8415319259406142, 'colsample_bytree': 0.7939433359166226, 'gamma': 4.4929778436145975, 'min_child_weight': 5, 'threshold': 0.06254496990663296}. Best is trial 32 with value: 0.1659008050259127.
[I 2026-04-12 23:48:38,650] Trial 42 finished with value: 0.16134173469770935 and parameters: {'n_estimators': 467, 'max_depth': 3, 'learning_rate': 0.013434631901791907, 'subsample': 0.8364324820825698, 'colsample_bytree': 0.7001846471780615, 'gamma': 4.557148574444707, 'min_child_weight': 5, 'threshold': 0.06287216466839053}. Best is trial 32 with value: 0.1659008050259127.
[I 2026-04-12 23:49:07,092] Trial 43 finished with value: 0.1553605516268846 and parameters: {'n_estimators': 470, 'max_depth': 3, 'learning_rate': 0.05689653359415057, 'subsample': 0.9295990164776562, 'colsample_bytree': 0.7017552272979732, 'gamma': 3.5560248734260638, 'min_child_weight': 8, 'threshold': 0.030088517579365613}. Best is trial 32 with value: 0.1659008050259127.
[I 2026-04-12 23:49:16,522] Trial 45 pruned.                                                                                                                                                           
[I 2026-04-12 23:49:29,270] Trial 44 finished with value: 0.1485060281223334 and parameters: {'n_estimators': 567, 'max_depth': 3, 'learning_rate': 0.022253575323729277, 'subsample': 0.8349643201382938, 'colsample_bytree': 0.7028864289858527, 'gamma': 3.623030479268877, 'min_child_weight': 4, 'threshold': 0.026446376091382985}. Best is trial 32 with value: 0.1659008050259127.
[I 2026-04-12 23:49:44,507] Trial 47 pruned.                                                                                                                                                           
[I 2026-04-12 23:49:52,508] Trial 48 pruned.                                                                                                                                                           
[I 2026-04-12 23:49:56,578] Trial 46 finished with value: 0.1627022229087508 and parameters: {'n_estimators': 390, 'max_depth': 3, 'learning_rate': 0.018599575411976738, 'subsample': 0.8054454720529316, 'colsample_bytree': 0.6757018523930348, 'gamma': 4.6810057384497945, 'min_child_weight': 6, 'threshold': 0.10342064124900377}. Best is trial 32 with value: 0.1659008050259127.
[I 2026-04-12 23:50:02,766] Trial 50 pruned.                                                                                                                                                           
[I 2026-04-12 23:50:15,588] Trial 51 pruned.                                                                                                                                                           
[I 2026-04-12 23:50:35,092] Trial 49 finished with value: 0.15869790470738493 and parameters: {'n_estimators': 337, 'max_depth': 4, 'learning_rate': 0.013748428481829366, 'subsample': 0.8869668989734555, 'colsample_bytree': 0.7347123605605963, 'gamma': 4.426936896973893, 'min_child_weight': 5, 'threshold': 0.059625062495482564}. Best is trial 32 with value: 0.1659008050259127.
[I 2026-04-12 23:50:55,731] Trial 52 finished with value: 0.16962747891724267 and parameters: {'n_estimators': 406, 'max_depth': 4, 'learning_rate': 0.03759476392151747, 'subsample': 0.8839146784268409, 'colsample_bytree': 0.687817922105881, 'gamma': 4.569278678307184, 'min_child_weight': 6, 'threshold': 0.05956363493979844}. Best is trial 52 with value: 0.16962747891724267.
[I 2026-04-12 23:51:13,793] Trial 53 finished with value: 0.15809207579190526 and parameters: {'n_estimators': 412, 'max_depth': 3, 'learning_rate': 0.03875594607203055, 'subsample': 0.84596480029993, 'colsample_bytree': 0.6696151445600864, 'gamma': 4.62564703367782, 'min_child_weight': 8, 'threshold': 0.03366273533030291}. Best is trial 52 with value: 0.16962747891724267.
[I 2026-04-12 23:51:24,465] Trial 55 pruned.                                                                                                                                                           
[I 2026-04-12 23:51:31,688] Trial 56 pruned.                                                                                                                                                           
[I 2026-04-12 23:51:34,751] Trial 54 finished with value: 0.15998081762727948 and parameters: {'n_estimators': 391, 'max_depth': 3, 'learning_rate': 0.03592936757014168, 'subsample': 0.849500561212271, 'colsample_bytree': 0.6749420514116078, 'gamma': 4.695210936904011, 'min_child_weight': 6, 'threshold': 0.03690640967368898}. Best is trial 52 with value: 0.16962747891724267.
[I 2026-04-12 23:52:02,944] Trial 57 finished with value: 0.161359066669013 and parameters: {'n_estimators': 269, 'max_depth': 3, 'learning_rate': 0.07522453452713815, 'subsample': 0.7722759416497473, 'colsample_bytree': 0.7777875101575806, 'gamma': 4.695212639863135, 'min_child_weight': 4, 'threshold': 0.0769854479536788}. Best is trial 52 with value: 0.16962747891724267.
[I 2026-04-12 23:52:05,069] Trial 58 finished with value: 0.15666134505245055 and parameters: {'n_estimators': 212, 'max_depth': 4, 'learning_rate': 0.07721540472821843, 'subsample': 0.8264251301158354, 'colsample_bytree': 0.7158152180938951, 'gamma': 4.8126934925997435, 'min_child_weight': 5, 'threshold': 0.07942561644860129}. Best is trial 52 with value: 0.16962747891724267.
[I 2026-04-12 23:52:12,521] Trial 60 pruned.                                                                                                                                                           
[I 2026-04-12 23:52:25,553] Trial 61 pruned.                                                                                                                                                           
[I 2026-04-12 23:52:32,563] Trial 59 finished with value: 0.15371372045740073 and parameters: {'n_estimators': 216, 'max_depth': 4, 'learning_rate': 0.084377390844513, 'subsample': 0.7633163679533228, 'colsample_bytree': 0.7602778276426644, 'gamma': 4.866096942102152, 'min_child_weight': 4, 'threshold': 0.07915069068163756}. Best is trial 52 with value: 0.16962747891724267.
[I 2026-04-12 23:53:01,854] Trial 62 finished with value: 0.16667766678052448 and parameters: {'n_estimators': 492, 'max_depth': 3, 'learning_rate': 0.08895122703182962, 'subsample': 0.7603362074625287, 'colsample_bytree': 0.7492985588905422, 'gamma': 4.62156657145429, 'min_child_weight': 4, 'threshold': 0.05334302537385025}. Best is trial 52 with value: 0.16962747891724267.
[I 2026-04-12 23:53:17,384] Trial 63 finished with value: 0.1666201078699115 and parameters: {'n_estimators': 498, 'max_depth': 3, 'learning_rate': 0.02904564374385851, 'subsample': 0.8925867032426382, 'colsample_bytree': 0.7457188435762833, 'gamma': 4.5758919879010875, 'min_child_weight': 5, 'threshold': 0.05136922264191388}. Best is trial 52 with value: 0.16962747891724267.
[I 2026-04-12 23:53:41,725] Trial 64 finished with value: 0.16267076731508878 and parameters: {'n_estimators': 605, 'max_depth': 3, 'learning_rate': 0.09174791286614861, 'subsample': 0.7189566722485587, 'colsample_bytree': 0.749220777576989, 'gamma': 4.341137526646729, 'min_child_weight': 8, 'threshold': 0.05151303171556315}. Best is trial 52 with value: 0.16962747891724267.
[I 2026-04-12 23:53:51,163] Trial 66 pruned.                                                                                                                                                           
[I 2026-04-12 23:53:56,225] Trial 65 finished with value: 0.16269980348273225 and parameters: {'n_estimators': 594, 'max_depth': 3, 'learning_rate': 0.149053655981073, 'subsample': 0.8959624015534142, 'colsample_bytree': 0.8099972160727275, 'gamma': 4.320073467392635, 'min_child_weight': 7, 'threshold': 0.05228386810930146}. Best is trial 52 with value: 0.16962747891724267.
[I 2026-04-12 23:54:02,796] Trial 68 pruned.                                                                                                                                                           
[I 2026-04-12 23:54:10,161] Trial 69 pruned.                                                                                                                                                           
[I 2026-04-12 23:54:17,788] Trial 70 pruned.                                                                                                                                                           
