[I 2026-04-12 23:54:43,922] Trial 67 finished with value: 0.1587520303820055 and parameters: {'n_estimators': 424, 'max_depth': 5, 'learning_rate': 0.029530644597829277, 'subsample': 0.8960010517656458, 'colsample_bytree': 0.7425855859837389, 'gamma': 1.870861887347242, 'min_child_weight': 7, 'threshold': 0.05069586432329069}. Best is trial 52 with value: 0.16962747891724267.
[I 2026-04-12 23:54:50,388] Trial 72 pruned.                                                                                                                                                           
[I 2026-04-12 23:55:08,910] Trial 71 finished with value: 0.15512371883279402 and parameters: {'n_estimators': 531, 'max_depth': 6, 'learning_rate': 0.028182586063964767, 'subsample': 0.8960499366501297, 'colsample_bytree': 0.6840840987732778, 'gamma': 3.8415526773707156, 'min_child_weight': 3, 'threshold': 0.02633461935189705}. Best is trial 52 with value: 0.16962747891724267.
[I 2026-04-12 23:55:25,821] Trial 73 finished with value: 0.15976034206617035 and parameters: {'n_estimators': 590, 'max_depth': 3, 'learning_rate': 0.15637730459652996, 'subsample': 0.8924053973940194, 'colsample_bytree': 0.9321250339206293, 'gamma': 4.838528997221504, 'min_child_weight': 6, 'threshold': 0.06962985815788449}. Best is trial 52 with value: 0.16962747891724267.
[I 2026-04-12 23:55:34,500] Trial 75 pruned.                                                                                                                                                           
[I 2026-04-12 23:55:44,159] Trial 74 finished with value: 0.16362020220831947 and parameters: {'n_estimators': 588, 'max_depth': 3, 'learning_rate': 0.15776433416783847, 'subsample': 0.8619289880724085, 'colsample_bytree': 0.9241829987304322, 'gamma': 4.7961818536670515, 'min_child_weight': 7, 'threshold': 0.040016374647634696}. Best is trial 52 with value: 0.16962747891724267.
[I 2026-04-12 23:55:51,848] Trial 77 pruned.                                                                                                                                                           
[I 2026-04-12 23:56:02,819] Trial 78 pruned.                                                                                                                                                           
[I 2026-04-12 23:56:13,095] Trial 76 finished with value: 0.16910529950868666 and parameters: {'n_estimators': 452, 'max_depth': 4, 'learning_rate': 0.047398121371051045, 'subsample': 0.9421478699964178, 'colsample_bytree': 0.8036972022473804, 'gamma': 4.698809102489832, 'min_child_weight': 7, 'threshold': 0.05660189712237894}. Best is trial 52 with value: 0.16962747891724267.
[I 2026-04-12 23:56:21,604] Trial 80 pruned.                                                                                                                                                           
[I 2026-04-12 23:56:46,570] Trial 79 finished with value: 0.16312453217918924 and parameters: {'n_estimators': 488, 'max_depth': 3, 'learning_rate': 0.03467046392318965, 'subsample': 0.8750533437428042, 'colsample_bytree': 0.9286688331857632, 'gamma': 4.544734169813959, 'min_child_weight': 6, 'threshold': 0.07147345244141896}. Best is trial 52 with value: 0.16962747891724267.
[I 2026-04-12 23:56:59,232] Trial 81 finished with value: 0.1604442632356742 and parameters: {'n_estimators': 449, 'max_depth': 4, 'learning_rate': 0.06973142785561702, 'subsample': 0.9692375257456746, 'colsample_bytree': 0.8457146227988256, 'gamma': 2.5165714217675363, 'min_child_weight': 7, 'threshold': 0.05862629930809864}. Best is trial 52 with value: 0.16962747891724267.
[I 2026-04-12 23:57:24,280] Trial 82 finished with value: 0.17170787971020254 and parameters: {'n_estimators': 451, 'max_depth': 4, 'learning_rate': 0.05113726749394097, 'subsample': 0.9431791091391057, 'colsample_bytree': 0.9405915328203026, 'gamma': 4.882830127328045, 'min_child_weight': 7, 'threshold': 0.057921513788516336}. Best is trial 82 with value: 0.17170787971020254.
[I 2026-04-12 23:57:31,893] Trial 84 pruned.                                                                                                                                                           
[I 2026-04-12 23:57:41,100] Trial 83 finished with value: 0.1666198651226482 and parameters: {'n_estimators': 506, 'max_depth': 3, 'learning_rate': 0.043113768250323335, 'subsample': 0.8766504735725709, 'colsample_bytree': 0.9419582706588652, 'gamma': 4.1208896477602215, 'min_child_weight': 6, 'threshold': 0.06921437573304731}. Best is trial 82 with value: 0.17170787971020254.
[I 2026-04-12 23:58:08,433] Trial 85 finished with value: 0.16003877764817723 and parameters: {'n_estimators': 369, 'max_depth': 5, 'learning_rate': 0.05276246686275663, 'subsample': 0.9952166702696936, 'colsample_bytree': 0.9748847184271012, 'gamma': 4.134647591710895, 'min_child_weight': 7, 'threshold': 0.06768855827620344}. Best is trial 82 with value: 0.17170787971020254.
[I 2026-04-12 23:58:20,336] Trial 86 finished with value: 0.1602647547833897 and parameters: {'n_estimators': 362, 'max_depth': 5, 'learning_rate': 0.04938575833273179, 'subsample': 0.9066305215034799, 'colsample_bytree': 0.8738834106085863, 'gamma': 4.075174412021676, 'min_child_weight': 6, 'threshold': 0.06880110412444146}. Best is trial 82 with value: 0.17170787971020254.
[I 2026-04-12 23:58:50,835] Trial 87 finished with value: 0.16551917707870042 and parameters: {'n_estimators': 477, 'max_depth': 4, 'learning_rate': 0.043643108946100045, 'subsample': 0.9097519422500656, 'colsample_bytree': 0.90816189403928, 'gamma': 3.6895528542128484, 'min_child_weight': 6, 'threshold': 0.05768632297211858}. Best is trial 82 with value: 0.17170787971020254.
[I 2026-04-12 23:58:59,021] Trial 89 pruned.                                                                                                                                                           
[I 2026-04-12 23:59:07,960] Trial 90 pruned.                                                                                                                                                           
[I 2026-04-12 23:59:14,501] Trial 88 finished with value: 0.16761349783484925 and parameters: {'n_estimators': 987, 'max_depth': 4, 'learning_rate': 0.04285105605628631, 'subsample': 0.9379462594748215, 'colsample_bytree': 0.959570139282315, 'gamma': 3.6610098577893773, 'min_child_weight': 5, 'threshold': 0.05714557103208122}. Best is trial 82 with value: 0.17170787971020254.
[I 2026-04-12 23:59:15,807] Trial 91 pruned.                                                                                                                                                           
[I 2026-04-12 23:59:34,335] Trial 93 pruned.                                                                                                                                                           
[I 2026-04-13 00:00:05,525] Trial 92 finished with value: 0.1678345454558016 and parameters: {'n_estimators': 879, 'max_depth': 4, 'learning_rate': 0.04363803403395343, 'subsample': 0.918527135725754, 'colsample_bytree': 0.9484177901302746, 'gamma': 4.649844290785443, 'min_child_weight': 6, 'threshold': 0.048735275870311526}. Best is trial 82 with value: 0.17170787971020254.
[I 2026-04-13 00:00:14,309] Trial 94 finished with value: 0.16893325424507546 and parameters: {'n_estimators': 430, 'max_depth': 4, 'learning_rate': 0.044292868164350255, 'subsample': 0.9137415603124811, 'colsample_bytree': 0.9131339482719836, 'gamma': 4.2234904362272445, 'min_child_weight': 5, 'threshold': 0.055823206495482676}. Best is trial 82 with value: 0.17170787971020254.
[I 2026-04-13 00:00:16,484] Trial 95 pruned.                                                                                                                                                           
[I 2026-04-13 00:00:24,734] Trial 96 pruned.                                                                                                                                                           
[I 2026-04-13 00:00:26,363] Trial 97 pruned.                                                                                                                                                           
[I 2026-04-13 00:01:16,138] Trial 99 finished with value: 0.1553164735830746 and parameters: {'n_estimators': 811, 'max_depth': 5, 'learning_rate': 0.037813940859362696, 'subsample': 0.9586705083953916, 'colsample_bytree': 0.9520844568936336, 'gamma': 4.472995885876387, 'min_child_weight': 3, 'threshold': 0.07850295118427282}. Best is trial 82 with value: 0.17170787971020254.
[I 2026-04-13 00:01:17,664] Trial 98 finished with value: 0.15883237594451663 and parameters: {'n_estimators': 930, 'max_depth': 5, 'learning_rate': 0.03810347970643835, 'subsample': 0.9497267999537948, 'colsample_bytree': 0.9505416252688532, 'gamma': 4.651559971407964, 'min_child_weight': 4, 'threshold': 0.07593641269493703}. Best is trial 82 with value: 0.17170787971020254.
[I 2026-04-13 00:01:25,867] Trial 100 pruned.                                                                                                                                                          
[I 2026-04-13 00:01:28,267] Trial 101 pruned.                                                                                                                                                          
[I 2026-04-13 00:02:06,691] Trial 102 finished with value: 0.1626174915952935 and parameters: {'n_estimators': 400, 'max_depth': 4, 'learning_rate': 0.04551914324313297, 'subsample': 0.9138548217698262, 'colsample_bytree': 0.8907354168654558, 'gamma': 2.8937174264779424, 'min_child_weight': 6, 'threshold': 0.05709199506421816}. Best is trial 82 with value: 0.17170787971020254.
[I 2026-04-13 00:02:07,290] Trial 103 finished with value: 0.16835724933410373 and parameters: {'n_estimators': 404, 'max_depth': 4, 'learning_rate': 0.044258395434274164, 'subsample': 0.9409208472227093, 'colsample_bytree': 0.9990339668029451, 'gamma': 3.7102192787551025, 'min_child_weight': 6, 'threshold': 0.05827374237847719}. Best is trial 82 with value: 0.17170787971020254.
[I 2026-04-13 00:02:17,165] Trial 105 pruned.                                                                                                                                                          
[I 2026-04-13 00:02:52,817] Trial 104 finished with value: 0.15871959422561072 and parameters: {'n_estimators': 431, 'max_depth': 4, 'learning_rate': 0.03242541357662799, 'subsample': 0.8847135455668685, 'colsample_bytree': 0.7948143957946768, 'gamma': 3.3843678034936704, 'min_child_weight': 6, 'threshold': 0.0643283940973272}. Best is trial 82 with value: 0.17170787971020254.
[I 2026-04-13 00:02:57,195] Trial 106 finished with value: 0.1592959957879617 and parameters: {'n_estimators': 420, 'max_depth': 4, 'learning_rate': 0.04949605078348714, 'subsample': 0.8837877208441519, 'colsample_bytree': 0.9949915442810815, 'gamma': 3.480721427042667, 'min_child_weight': 6, 'threshold': 0.06582426435296498}. Best is trial 82 with value: 0.17170787971020254.
[I 2026-04-13 00:03:29,469] Trial 107 finished with value: 0.16857712330699934 and parameters: {'n_estimators': 419, 'max_depth': 3, 'learning_rate': 0.048608532009297496, 'subsample': 0.9777074111223909, 'colsample_bytree': 0.9962588217454394, 'gamma': 4.756022032457656, 'min_child_weight': 5, 'threshold': 0.055651424894672744}. Best is trial 82 with value: 0.17170787971020254.
[I 2026-04-13 00:03:38,662] Trial 108 finished with value: 0.15864133969922237 and parameters: {'n_estimators': 403, 'max_depth': 6, 'learning_rate': 0.040538351678109416, 'subsample': 0.9857827598873298, 'colsample_bytree': 0.972621900627192, 'gamma': 4.752439547712766, 'min_child_weight': 5, 'threshold': 0.03258490770353782}. Best is trial 82 with value: 0.17170787971020254.
[I 2026-04-13 00:03:45,959] Trial 110 pruned.                                                                                                                                                          
[I 2026-04-13 00:04:04,698] Trial 109 finished with value: 0.16729698669628512 and parameters: {'n_estimators': 410, 'max_depth': 3, 'learning_rate': 0.06580158417620433, 'subsample': 0.9846204085955194, 'colsample_bytree': 0.9794159120692034, 'gamma': 4.762317036598096, 'min_child_weight': 5, 'threshold': 0.05506731582747249}. Best is trial 82 with value: 0.17170787971020254.
[I 2026-04-13 00:04:24,128] Trial 111 finished with value: 0.16454868305374742 and parameters: {'n_estimators': 322, 'max_depth': 3, 'learning_rate': 0.025061463972648884, 'subsample': 0.950612806891931, 'colsample_bytree': 0.9815747521353392, 'gamma': 3.9883052646383588, 'min_child_weight': 4, 'threshold': 0.09328949223916702}. Best is trial 82 with value: 0.17170787971020254.
[I 2026-04-13 00:04:39,000] Trial 112 finished with value: 0.16625381103968445 and parameters: {'n_estimators': 377, 'max_depth': 3, 'learning_rate': 0.0555666856087865, 'subsample': 0.9992247675894512, 'colsample_bytree': 0.9796753775898679, 'gamma': 4.495009283394541, 'min_child_weight': 5, 'threshold': 0.05619496829489352}. Best is trial 82 with value: 0.17170787971020254.
[I 2026-04-13 00:05:01,847] Trial 113 finished with value: 0.16786653877459037 and parameters: {'n_estimators': 377, 'max_depth': 3, 'learning_rate': 0.053460752102889655, 'subsample': 0.9694975995071504, 'colsample_bytree': 0.9583930542100997, 'gamma': 4.511431574637264, 'min_child_weight': 5, 'threshold': 0.05461541135183217}. Best is trial 82 with value: 0.17170787971020254.
[I 2026-04-13 00:05:11,614] Trial 115 pruned.                                                                                                                                                          
[I 2026-04-13 00:05:18,080] Trial 114 finished with value: 0.16838896019448785 and parameters: {'n_estimators': 460, 'max_depth': 3, 'learning_rate': 0.04811624677065131, 'subsample': 0.9740943402277719, 'colsample_bytree': 0.956981816708209, 'gamma': 4.622531886345006, 'min_child_weight': 5, 'threshold': 0.05380836122354552}. Best is trial 82 with value: 0.17170787971020254.
[I 2026-04-13 00:05:18,792] Trial 116 pruned.                                                                                                                                                          
[I 2026-04-13 00:05:25,416] Trial 117 pruned.                                                                                                                                                          
[I 2026-04-13 00:05:41,060] Trial 119 pruned.                                                                                                                                                          
[I 2026-04-13 00:05:55,462] Trial 118 finished with value: 0.16855908425366745 and parameters: {'n_estimators': 330, 'max_depth': 3, 'learning_rate': 0.06124607616371714, 'subsample': 0.9692682020521762, 'colsample_bytree': 0.9572390970907526, 'gamma': 4.89242447569659, 'min_child_weight': 4, 'threshold': 0.06236533976134183}. Best is trial 82 with value: 0.17170787971020254.
[I 2026-04-13 00:06:17,632] Trial 120 finished with value: 0.16750645311674192 and parameters: {'n_estimators': 303, 'max_depth': 3, 'learning_rate': 0.05968455413853159, 'subsample': 0.9618265775211378, 'colsample_bytree': 0.9349051806559376, 'gamma': 4.691271301372798, 'min_child_weight': 4, 'threshold': 0.06192157125480457}. Best is trial 82 with value: 0.17170787971020254.
[I 2026-04-13 00:06:31,913] Trial 121 finished with value: 0.16682094822894364 and parameters: {'n_estimators': 304, 'max_depth': 3, 'learning_rate': 0.06376075582365884, 'subsample': 0.9615472176518366, 'colsample_bytree': 0.9991952128381916, 'gamma': 4.7785675540349155, 'min_child_weight': 5, 'threshold': 0.06029324864707654}. Best is trial 82 with value: 0.17170787971020254.
[I 2026-04-13 00:06:55,352] Trial 122 finished with value: 0.16841714902610364 and parameters: {'n_estimators': 315, 'max_depth': 3, 'learning_rate': 0.06028962263790322, 'subsample': 0.9645490651575372, 'colsample_bytree': 0.928276472608969, 'gamma': 4.759932456690883, 'min_child_weight': 3, 'threshold': 0.06257235095188339}. Best is trial 82 with value: 0.17170787971020254.
[I 2026-04-13 00:07:10,835] Trial 123 finished with value: 0.17130773566831498 and parameters: {'n_estimators': 305, 'max_depth': 3, 'learning_rate': 0.06118781613514092, 'subsample': 0.9715368634494658, 'colsample_bytree': 0.9311388302649093, 'gamma': 4.9031470695016655, 'min_child_weight': 3, 'threshold': 0.06300008706152259}. Best is trial 82 with value: 0.17170787971020254.
[I 2026-04-13 00:07:35,257] Trial 124 finished with value: 0.16976088842360404 and parameters: {'n_estimators': 315, 'max_depth': 3, 'learning_rate': 0.05738915458565487, 'subsample': 0.9741199746775293, 'colsample_bytree': 0.919870015600473, 'gamma': 4.8632366906219735, 'min_child_weight': 3, 'threshold': 0.06420659814625664}. Best is trial 82 with value: 0.17170787971020254.
[I 2026-04-13 00:07:50,828] Trial 125 finished with value: 0.15849300559320342 and parameters: {'n_estimators': 349, 'max_depth': 4, 'learning_rate': 0.05382594221024753, 'subsample': 0.9712281084723298, 'colsample_bytree': 0.9211856734342613, 'gamma': 4.93378918928091, 'min_child_weight': 3, 'threshold': 0.07571028449789738}. Best is trial 82 with value: 0.17170787971020254.
[I 2026-04-13 00:07:58,153] Trial 127 pruned.                                                                                                                                                          
[I 2026-04-13 00:08:04,735] Trial 128 pruned.                                                                                                                                                          
[I 2026-04-13 00:08:11,778] Trial 126 finished with value: 0.1655981838074844 and parameters: {'n_estimators': 349, 'max_depth': 3, 'learning_rate': 0.07401662876581584, 'subsample': 0.9723016804153624, 'colsample_bytree': 0.9191899069843499, 'gamma': 4.888560823770246, 'min_child_weight': 3, 'threshold': 0.0658006458768877}. Best is trial 82 with value: 0.17170787971020254.
[I 2026-04-13 00:08:19,540] Trial 130 pruned.                                                                                                                                                          
[I 2026-04-13 00:08:27,123] Trial 131 pruned.                                                                                                                                                          
[I 2026-04-13 00:08:42,589] Trial 129 finished with value: 0.1681980720526568 and parameters: {'n_estimators': 323, 'max_depth': 3, 'learning_rate': 0.04821569932382914, 'subsample': 0.9908678442928774, 'colsample_bytree': 0.9167348331732118, 'gamma': 4.849055201363879, 'min_child_weight': 2, 'threshold': 0.06494157325562076}. Best is trial 82 with value: 0.17170787971020254.
[I 2026-04-13 00:09:07,652] Trial 132 finished with value: 0.16919158760526218 and parameters: {'n_estimators': 302, 'max_depth': 4, 'learning_rate': 0.038540155193053253, 'subsample': 0.9355177256112911, 'colsample_bytree': 0.959321910421252, 'gamma': 4.577796487464845, 'min_child_weight': 3, 'threshold': 0.061731029074225896}. Best is trial 82 with value: 0.17170787971020254.
[I 2026-04-13 00:09:21,427] Trial 133 finished with value: 0.16978375500920287 and parameters: {'n_estimators': 316, 'max_depth': 3, 'learning_rate': 0.038973188384915314, 'subsample': 0.9627570211375736, 'colsample_bytree': 0.93487901398974, 'gamma': 4.839077931800896, 'min_child_weight': 2, 'threshold': 0.06399702463362905}. Best is trial 82 with value: 0.17170787971020254.
[I 2026-04-13 00:09:44,737] Trial 134 finished with value: 0.1637193768380324 and parameters: {'n_estimators': 319, 'max_depth': 3, 'learning_rate': 0.03909954387111755, 'subsample': 0.9605630562227959, 'colsample_bytree': 0.9148863619748278, 'gamma': 4.827036289275744, 'min_child_weight': 2, 'threshold': 0.0813781174463855}. Best is trial 82 with value: 0.17170787971020254.
[I 2026-04-13 00:09:55,964] Trial 135 finished with value: 0.16327568537166445 and parameters: {'n_estimators': 244, 'max_depth': 3, 'learning_rate': 0.038019555769545535, 'subsample': 0.9433003884432107, 'colsample_bytree': 0.9142719909399696, 'gamma': 4.816195282313654, 'min_child_weight': 2, 'threshold': 0.08180026120111172}. Best is trial 82 with value: 0.17170787971020254.
[I 2026-04-13 00:09:58,487] Trial 136 pruned.                                                                                                                                                          
[I 2026-04-13 00:10:02,852] Trial 137 pruned.                                                                                                                                                          
[I 2026-04-13 00:10:35,193] Trial 138 finished with value: 0.1680177864596148 and parameters: {'n_estimators': 306, 'max_depth': 3, 'learning_rate': 0.0352844591397767, 'subsample': 0.9907517602062574, 'colsample_bytree': 0.9290563432633978, 'gamma': 4.594735875713824, 'min_child_weight': 3, 'threshold': 0.0654301975145315}. Best is trial 82 with value: 0.17170787971020254.
[I 2026-04-13 00:10:40,400] Trial 139 finished with value: 0.171203871648377 and parameters: {'n_estimators': 320, 'max_depth': 3, 'learning_rate': 0.035125471593627104, 'subsample': 0.933551576945579, 'colsample_bytree': 0.9285589740134542, 'gamma': 4.589644623973587, 'min_child_weight': 3, 'threshold': 0.06346434876127638}. Best is trial 82 with value: 0.17170787971020254.
[I 2026-04-13 00:10:43,108] Trial 140 pruned.                                                                                                                                                          
