[I 2026-04-13 00:10:55,367] Trial 141 pruned.                                                                                                                                                          
[I 2026-04-13 00:11:19,610] Trial 142 finished with value: 0.17132977616390288 and parameters: {'n_estimators': 330, 'max_depth': 3, 'learning_rate': 0.04048055017454762, 'subsample': 0.9632726211554685, 'colsample_bytree': 0.9023337596786815, 'gamma': 4.432411668416729, 'min_child_weight': 2, 'threshold': 0.06062291145029128}. Best is trial 82 with value: 0.17170787971020254.
[I 2026-04-13 00:11:26,622] Trial 144 pruned.                                                                                                                                                          
[I 2026-04-13 00:11:31,227] Trial 143 finished with value: 0.16679183876147566 and parameters: {'n_estimators': 319, 'max_depth': 3, 'learning_rate': 0.041278017449718624, 'subsample': 0.9549583648136953, 'colsample_bytree': 0.9270552208186837, 'gamma': 4.577438602913514, 'min_child_weight': 2, 'threshold': 0.06352305214826473}. Best is trial 82 with value: 0.17170787971020254.
[I 2026-04-13 00:12:05,604] Trial 145 finished with value: 0.1601098054790587 and parameters: {'n_estimators': 369, 'max_depth': 3, 'learning_rate': 0.03575276139330209, 'subsample': 0.9577946858762743, 'colsample_bytree': 0.9016658218210062, 'gamma': 4.585942866367474, 'min_child_weight': 3, 'threshold': 0.0876237023395169}. Best is trial 82 with value: 0.17170787971020254.
[I 2026-04-13 00:12:09,752] Trial 146 finished with value: 0.16651299457892327 and parameters: {'n_estimators': 356, 'max_depth': 3, 'learning_rate': 0.035790711648480474, 'subsample': 0.9626645720956187, 'colsample_bytree': 0.8843810194667829, 'gamma': 4.349807345479217, 'min_child_weight': 3, 'threshold': 0.07127494400026635}. Best is trial 82 with value: 0.17170787971020254.
[I 2026-04-13 00:12:13,175] Trial 147 pruned.                                                                                                                                                          
[I 2026-04-13 00:12:18,376] Trial 148 pruned.                                                                                                                                                          
[I 2026-04-13 00:12:20,059] Trial 149 pruned.                                                                                                                                                          
[I 2026-04-13 00:12:27,574] Trial 151 pruned.                                                                                                                                                          
[I 2026-04-13 00:12:57,530] Trial 150 finished with value: 0.16895962649038926 and parameters: {'n_estimators': 464, 'max_depth': 4, 'learning_rate': 0.05195184474232861, 'subsample': 0.94624905538073, 'colsample_bytree': 0.9639403726935816, 'gamma': 4.680939136638511, 'min_child_weight': 2, 'threshold': 0.05696275279107355}. Best is trial 82 with value: 0.17170787971020254.
[I 2026-04-13 00:13:02,545] Trial 152 finished with value: 0.1684644105396299 and parameters: {'n_estimators': 328, 'max_depth': 3, 'learning_rate': 0.05583296223101525, 'subsample': 0.9768492689799657, 'colsample_bytree': 0.9197831146683739, 'gamma': 4.996972366552564, 'min_child_weight': 2, 'threshold': 0.062106399045325375}. Best is trial 82 with value: 0.17170787971020254.
[I 2026-04-13 00:13:05,263] Trial 153 pruned.                                                                                                                                                          
[I 2026-04-13 00:13:37,511] Trial 155 finished with value: 0.17056943912118752 and parameters: {'n_estimators': 289, 'max_depth': 3, 'learning_rate': 0.06582556066601747, 'subsample': 0.9762481320467473, 'colsample_bytree': 0.9250082477132727, 'gamma': 4.98297323273036, 'min_child_weight': 2, 'threshold': 0.07017863372588964}. Best is trial 82 with value: 0.17170787971020254.
[I 2026-04-13 00:13:40,370] Trial 154 finished with value: 0.1704687585630516 and parameters: {'n_estimators': 459, 'max_depth': 3, 'learning_rate': 0.05574563321434835, 'subsample': 0.9807785743145477, 'colsample_bytree': 0.9248734152830353, 'gamma': 4.971078030254736, 'min_child_weight': 1, 'threshold': 0.07086434522993758}. Best is trial 82 with value: 0.17170787971020254.
[I 2026-04-13 00:14:07,923] Trial 156 finished with value: 0.16397416381962815 and parameters: {'n_estimators': 229, 'max_depth': 3, 'learning_rate': 0.06670706900603816, 'subsample': 0.9805142670777895, 'colsample_bytree': 0.9247998136097662, 'gamma': 4.9989948320264, 'min_child_weight': 2, 'threshold': 0.06940389633047654}. Best is trial 82 with value: 0.17170787971020254.
[I 2026-04-13 00:14:13,725] Trial 157 finished with value: 0.1689480592557896 and parameters: {'n_estimators': 288, 'max_depth': 3, 'learning_rate': 0.05556266078285836, 'subsample': 0.9996732536491576, 'colsample_bytree': 0.9167822839217935, 'gamma': 4.966092325294394, 'min_child_weight': 1, 'threshold': 0.0722791186189523}. Best is trial 82 with value: 0.17170787971020254.
[I 2026-04-13 00:14:20,933] Trial 158 pruned.                                                                                                                                                          
[I 2026-04-13 00:14:27,982] Trial 160 pruned.                                                                                                                                                          
[I 2026-04-13 00:14:28,301] Trial 159 pruned.                                                                                                                                                          
[I 2026-04-13 00:15:07,970] Trial 161 finished with value: 0.15786215586590185 and parameters: {'n_estimators': 434, 'max_depth': 4, 'learning_rate': 0.05041451303495299, 'subsample': 0.9920595063811831, 'colsample_bytree': 0.9043425852110192, 'gamma': 4.913379572392584, 'min_child_weight': 1, 'threshold': 0.08502986097685786}. Best is trial 82 with value: 0.17170787971020254.
[I 2026-04-13 00:15:08,050] Trial 162 finished with value: 0.16181723693436262 and parameters: {'n_estimators': 439, 'max_depth': 3, 'learning_rate': 0.05172848867972665, 'subsample': 0.9501343843621687, 'colsample_bytree': 0.9191842651949969, 'gamma': 4.983741156644612, 'min_child_weight': 1, 'threshold': 0.07062313380932449}. Best is trial 82 with value: 0.17170787971020254.
[I 2026-04-13 00:15:15,716] Trial 164 pruned.                                                                                                                                                          
[I 2026-04-13 00:15:45,509] Trial 163 finished with value: 0.16412675349999334 and parameters: {'n_estimators': 300, 'max_depth': 3, 'learning_rate': 0.055715404619315845, 'subsample': 0.9481960381473223, 'colsample_bytree': 0.921828586474511, 'gamma': 4.9505852175901435, 'min_child_weight': 1, 'threshold': 0.06963227178691207}. Best is trial 82 with value: 0.17170787971020254.
[I 2026-04-13 00:15:52,618] Trial 165 finished with value: 0.16886159679948126 and parameters: {'n_estimators': 272, 'max_depth': 3, 'learning_rate': 0.05396508355422028, 'subsample': 0.9803089799068162, 'colsample_bytree': 0.9211439745843754, 'gamma': 4.970611574512975, 'min_child_weight': 2, 'threshold': 0.05544253618970767}. Best is trial 82 with value: 0.17170787971020254.
[I 2026-04-13 00:15:59,420] Trial 167 pruned.                                                                                                                                                          
[I 2026-04-13 00:16:06,468] Trial 168 pruned.                                                                                                                                                          
[I 2026-04-13 00:16:13,869] Trial 169 pruned.                                                                                                                                                          
[I 2026-04-13 00:16:21,045] Trial 166 finished with value: 0.16518106689186304 and parameters: {'n_estimators': 273, 'max_depth': 3, 'learning_rate': 0.07243684983885876, 'subsample': 0.9809832341358357, 'colsample_bytree': 0.9344450039094626, 'gamma': 4.681983964323019, 'min_child_weight': 2, 'threshold': 0.05765318441323575}. Best is trial 82 with value: 0.17170787971020254.
[I 2026-04-13 00:16:22,915] Trial 170 pruned.                                                                                                                                                          
[I 2026-04-13 00:16:28,803] Trial 171 pruned.                                                                                                                                                          
[I 2026-04-13 00:16:58,412] Trial 172 finished with value: 0.1687815391139904 and parameters: {'n_estimators': 307, 'max_depth': 3, 'learning_rate': 0.052497193010079324, 'subsample': 0.9773790735336596, 'colsample_bytree': 0.9187135154452882, 'gamma': 4.96957123790129, 'min_child_weight': 2, 'threshold': 0.06495441270377011}. Best is trial 82 with value: 0.17170787971020254.
[I 2026-04-13 00:17:05,856] Trial 173 finished with value: 0.16805522568338443 and parameters: {'n_estimators': 307, 'max_depth': 3, 'learning_rate': 0.05616394744419308, 'subsample': 0.9754906200096474, 'colsample_bytree': 0.9178298148302727, 'gamma': 4.979699614146222, 'min_child_weight': 2, 'threshold': 0.06077487075538243}. Best is trial 82 with value: 0.17170787971020254.
[I 2026-04-13 00:17:13,954] Trial 175 pruned.                                                                                                                                                          
[I 2026-04-13 00:17:35,684] Trial 174 finished with value: 0.16916710732176102 and parameters: {'n_estimators': 304, 'max_depth': 3, 'learning_rate': 0.05944740340338432, 'subsample': 0.9723094139059916, 'colsample_bytree': 0.9148984809467844, 'gamma': 4.863800836149373, 'min_child_weight': 1, 'threshold': 0.06552567475334387}. Best is trial 82 with value: 0.17170787971020254.
[I 2026-04-13 00:17:48,250] Trial 176 finished with value: 0.17287833810238748 and parameters: {'n_estimators': 229, 'max_depth': 3, 'learning_rate': 0.0616981048662827, 'subsample': 0.9673516275706215, 'colsample_bytree': 0.9014437933874095, 'gamma': 4.737874174605394, 'min_child_weight': 2, 'threshold': 0.0676912830502181}. Best is trial 176 with value: 0.17287833810238748.
[I 2026-04-13 00:18:09,432] Trial 177 finished with value: 0.1694458744576985 and parameters: {'n_estimators': 238, 'max_depth': 3, 'learning_rate': 0.04657743204263801, 'subsample': 0.9913092754622645, 'colsample_bytree': 0.8964475656802559, 'gamma': 4.7649007009153195, 'min_child_weight': 1, 'threshold': 0.06862119034058527}. Best is trial 176 with value: 0.17287833810238748.
[I 2026-04-13 00:18:15,874] Trial 179 pruned.                                                                                                                                                          
[I 2026-04-13 00:18:23,303] Trial 178 finished with value: 0.1634281328395717 and parameters: {'n_estimators': 220, 'max_depth': 3, 'learning_rate': 0.06733046290502018, 'subsample': 0.937964869890872, 'colsample_bytree': 0.8972651620828462, 'gamma': 1.0340226897737446, 'min_child_weight': 1, 'threshold': 0.06782854873976141}. Best is trial 176 with value: 0.17287833810238748.
[I 2026-04-13 00:18:31,721] Trial 181 pruned.                                                                                                                                                          
[I 2026-04-13 00:18:52,099] Trial 180 finished with value: 0.17204614065138782 and parameters: {'n_estimators': 248, 'max_depth': 3, 'learning_rate': 0.03813636084062054, 'subsample': 0.9907553104962338, 'colsample_bytree': 0.8859733706941533, 'gamma': 4.632478214693569, 'min_child_weight': 1, 'threshold': 0.06948315346686361}. Best is trial 176 with value: 0.17287833810238748.
[I 2026-04-13 00:18:59,255] Trial 183 pruned.                                                                                                                                                          
[I 2026-04-13 00:19:06,547] Trial 182 finished with value: 0.16848742651648518 and parameters: {'n_estimators': 245, 'max_depth': 3, 'learning_rate': 0.04534234382788402, 'subsample': 0.9903105490938836, 'colsample_bytree': 0.886705237369401, 'gamma': 4.772878429866779, 'min_child_weight': 2, 'threshold': 0.06778573322794244}. Best is trial 176 with value: 0.17287833810238748.
[I 2026-04-13 00:19:36,679] Trial 184 finished with value: 0.1667766343710712 and parameters: {'n_estimators': 256, 'max_depth': 3, 'learning_rate': 0.04430313177992387, 'subsample': 0.9893141340377734, 'colsample_bytree': 0.9032224744873967, 'gamma': 4.447573413968895, 'min_child_weight': 1, 'threshold': 0.07168536440139102}. Best is trial 176 with value: 0.17287833810238748.
[I 2026-04-13 00:19:43,461] Trial 186 pruned.                                                                                                                                                          
[I 2026-04-13 00:19:44,219] Trial 185 finished with value: 0.16733419951517 and parameters: {'n_estimators': 268, 'max_depth': 3, 'learning_rate': 0.041075545065429396, 'subsample': 0.9659910225494399, 'colsample_bytree': 0.9023584172244448, 'gamma': 4.452256616906202, 'min_child_weight': 1, 'threshold': 0.07422686512077396}. Best is trial 176 with value: 0.17287833810238748.
[I 2026-04-13 00:19:52,389] Trial 188 pruned.                                                                                                                                                          
[I 2026-04-13 00:19:59,111] Trial 189 pruned.                                                                                                                                                          
[I 2026-04-13 00:20:07,565] Trial 190 pruned.                                                                                                                                                          
[I 2026-04-13 00:20:14,242] Trial 191 pruned.                                                                                                                                                          
[I 2026-04-13 00:20:15,833] Trial 187 finished with value: 0.16658623189794794 and parameters: {'n_estimators': 203, 'max_depth': 3, 'learning_rate': 0.03784754643639343, 'subsample': 0.9501389819272892, 'colsample_bytree': 0.8914943569706986, 'gamma': 4.679170733661738, 'min_child_weight': 1, 'threshold': 0.07956986327122664}. Best is trial 176 with value: 0.17287833810238748.
[I 2026-04-13 00:20:50,356] Trial 192 finished with value: 0.16843048070702513 and parameters: {'n_estimators': 309, 'max_depth': 3, 'learning_rate': 0.050931515027244696, 'subsample': 0.9731929555167337, 'colsample_bytree': 0.9180840571020293, 'gamma': 4.997331958278551, 'min_child_weight': 2, 'threshold': 0.06472285541747794}. Best is trial 176 with value: 0.17287833810238748.
[I 2026-04-13 00:20:50,663] Trial 193 finished with value: 0.16799549854392476 and parameters: {'n_estimators': 309, 'max_depth': 3, 'learning_rate': 0.05147201082950393, 'subsample': 0.9719202712461976, 'colsample_bytree': 0.9168470943971226, 'gamma': 4.997166302009347, 'min_child_weight': 2, 'threshold': 0.06670289526085921}. Best is trial 176 with value: 0.17287833810238748.
[I 2026-04-13 00:20:57,781] Trial 195 pruned.                                                                                                                                                          
[I 2026-04-13 00:21:26,423] Trial 194 finished with value: 0.17033477045204012 and parameters: {'n_estimators': 297, 'max_depth': 3, 'learning_rate': 0.05901586737918147, 'subsample': 0.980434049176328, 'colsample_bytree': 0.9138806481179417, 'gamma': 4.908893029281167, 'min_child_weight': 2, 'threshold': 0.06656891641445055}. Best is trial 176 with value: 0.17287833810238748.
[I 2026-04-13 00:21:32,684] Trial 196 finished with value: 0.16822719275017126 and parameters: {'n_estimators': 231, 'max_depth': 3, 'learning_rate': 0.05823854100573991, 'subsample': 0.9924495143147568, 'colsample_bytree': 0.7827925307884767, 'gamma': 4.780324734571802, 'min_child_weight': 3, 'threshold': 0.0632662365524697}. Best is trial 176 with value: 0.17287833810238748.
[I 2026-04-13 00:21:33,075] Trial 197 pruned.                                                                                                                                                          
[I 2026-04-13 00:21:40,551] Trial 198 pruned.                                                                                                                                                          
[I 2026-04-13 00:21:41,068] Trial 199 pruned.                                                                                                                                                          
Best trial: 176. Best value: 0.172878: 100%|█████████████████████████████████████████████████████████████████████████████████████████████████████████████████████████| 200/200 [44:43<00:00, 13.42s/it]

--- OPTUNA BEST PARAMS ---
{'n_estimators': 229, 'max_depth': 3, 'learning_rate': 0.0616981048662827, 'subsample': 0.9673516275706215, 'colsample_bytree': 0.9014437933874095, 'gamma': 4.737874174605394, 'min_child_weight': 2, 'threshold': 0.0676912830502181}
Best Mean MCC: 0.1729

--- FINAL VALIDATION MCC ---
0.16783765380779506